#! /usr/bin/vvp
:ivl_version "12.0 (stable)";
:ivl_delay_selection "TYPICAL";
:vpi_time_precision - 12;
:vpi_module "/usr/lib/x86_64-linux-gnu/ivl/system.vpi";
:vpi_module "/usr/lib/x86_64-linux-gnu/ivl/vhdl_sys.vpi";
:vpi_module "/usr/lib/x86_64-linux-gnu/ivl/vhdl_textio.vpi";
:vpi_module "/usr/lib/x86_64-linux-gnu/ivl/v2005_math.vpi";
:vpi_module "/usr/lib/x86_64-linux-gnu/ivl/va_math.vpi";
S_0x58abe38c5d30 .scope module, "tb_stopwatch" "tb_stopwatch" 2 3;
 .timescale -9 -12;
v0x58abe38ee0c0_0 .var "clk", 0 0;
v0x58abe38ee210_0 .net "minutes", 7 0, v0x58abe38ece40_0;  1 drivers
v0x58abe38ee2d0_0 .var "reset", 0 0;
v0x58abe38ee370_0 .var "rst_n", 0 0;
v0x58abe38ee4a0_0 .net "seconds", 5 0, v0x58abe38ed740_0;  1 drivers
v0x58abe38ee590_0 .var "start", 0 0;
v0x58abe38ee680_0 .net "status", 1 0, v0x58abe38ec850_0;  1 drivers
v0x58abe38ee790_0 .var "stop", 0 0;
E_0x58abe38c1990 .event posedge, v0x58abe38b4e70_0;
S_0x58abe38c5ec0 .scope module, "dut" "stopwatch_top" 2 18, 3 1 0, S_0x58abe38c5d30;
 .timescale 0 0;
    .port_info 0 /INPUT 1 "clk";
    .port_info 1 /INPUT 1 "rst_n";
    .port_info 2 /INPUT 1 "start";
    .port_info 3 /INPUT 1 "stop";
    .port_info 4 /INPUT 1 "reset";
    .port_info 5 /OUTPUT 8 "minutes";
    .port_info 6 /OUTPUT 6 "seconds";
    .port_info 7 /OUTPUT 2 "status";
v0x58abe38ed8b0_0 .net "clk", 0 0, v0x58abe38ee0c0_0;  1 drivers
v0x58abe38ed970_0 .net "enable", 0 0, v0x58abe38b4f40_0;  1 drivers
v0x58abe38eda30_0 .net "minutes", 7 0, v0x58abe38ece40_0;  alias, 1 drivers
v0x58abe38edad0_0 .net "reset", 0 0, v0x58abe38ee2d0_0;  1 drivers
v0x58abe38edba0_0 .net "rst_n", 0 0, v0x58abe38ee370_0;  1 drivers
v0x58abe38edc90_0 .net "sec_rollover", 0 0, v0x58abe38ed5b0_0;  1 drivers
v0x58abe38edd80_0 .net "seconds", 5 0, v0x58abe38ed740_0;  alias, 1 drivers
v0x58abe38ede20_0 .net "start", 0 0, v0x58abe38ee590_0;  1 drivers
v0x58abe38edec0_0 .net "status", 1 0, v0x58abe38ec850_0;  alias, 1 drivers
v0x58abe38edf90_0 .net "stop", 0 0, v0x58abe38ee790_0;  1 drivers
S_0x58abe38c89c0 .scope module, "fsm" "control_fsm" 3 18, 4 1 0, S_0x58abe38c5ec0;
 .timescale 0 0;
    .port_info 0 /INPUT 1 "clk";
    .port_info 1 /INPUT 1 "rst_n";
    .port_info 2 /INPUT 1 "start";
    .port_info 3 /INPUT 1 "stop";
    .port_info 4 /INPUT 1 "reset";
    .port_info 5 /OUTPUT 1 "enable";
    .port_info 6 /OUTPUT 2 "status";
P_0x58abe38c8ba0 .param/l "IDLE" 1 4 13, C4<00>;
P_0x58abe38c8be0 .param/l "PAUSED" 1 4 15, C4<10>;
P_0x58abe38c8c20 .param/l "RUNNING" 1 4 14, C4<01>;
v0x58abe38b4e70_0 .net "clk", 0 0, v0x58abe38ee0c0_0;  alias, 1 drivers
v0x58abe38b4f40_0 .var "enable", 0 0;
v0x58abe38b5be0_0 .var "next_state", 1 0;
v0x58abe38b5cb0_0 .net "reset", 0 0, v0x58abe38ee2d0_0;  alias, 1 drivers
v0x58abe38ec5a0_0 .net "rst_n", 0 0, v0x58abe38ee370_0;  alias, 1 drivers
v0x58abe38ec6b0_0 .net "start", 0 0, v0x58abe38ee590_0;  alias, 1 drivers
v0x58abe38ec770_0 .var "state", 1 0;
v0x58abe38ec850_0 .var "status", 1 0;
v0x58abe38ec930_0 .net "stop", 0 0, v0x58abe38ee790_0;  alias, 1 drivers
E_0x58abe38c1a30 .event anyedge, v0x58abe38ec770_0;
E_0x58abe38ac1d0 .event anyedge, v0x58abe38ec770_0, v0x58abe38ec6b0_0, v0x58abe38ec930_0, v0x58abe38b5cb0_0;
E_0x58abe38b88c0/0 .event negedge, v0x58abe38ec5a0_0;
E_0x58abe38b88c0/1 .event posedge, v0x58abe38b4e70_0;
E_0x58abe38b88c0 .event/or E_0x58abe38b88c0/0, E_0x58abe38b88c0/1;
S_0x58abe38ecad0 .scope module, "min" "minutes_counter" 3 38, 5 1 0, S_0x58abe38c5ec0;
 .timescale 0 0;
    .port_info 0 /INPUT 1 "clk";
    .port_info 1 /INPUT 1 "rst_n";
    .port_info 2 /INPUT 1 "enable";
    .port_info 3 /INPUT 1 "rollover";
    .port_info 4 /OUTPUT 8 "minutes";
v0x58abe38ecd00_0 .net "clk", 0 0, v0x58abe38ee0c0_0;  alias, 1 drivers
v0x58abe38ecda0_0 .net "enable", 0 0, v0x58abe38b4f40_0;  alias, 1 drivers
v0x58abe38ece40_0 .var "minutes", 7 0;
v0x58abe38ecee0_0 .net "rollover", 0 0, v0x58abe38ed5b0_0;  alias, 1 drivers
v0x58abe38ecf80_0 .net "rst_n", 0 0, v0x58abe38ee370_0;  alias, 1 drivers
S_0x58abe38ed120 .scope module, "sec" "seconds_counter" 3 29, 6 1 0, S_0x58abe38c5ec0;
 .timescale 0 0;
    .port_info 0 /INPUT 1 "clk";
    .port_info 1 /INPUT 1 "rst_n";
    .port_info 2 /INPUT 1 "enable";
    .port_info 3 /OUTPUT 6 "seconds";
    .port_info 4 /OUTPUT 1 "rollover";
v0x58abe38ed3b0_0 .net "clk", 0 0, v0x58abe38ee0c0_0;  alias, 1 drivers
v0x58abe38ed4a0_0 .net "enable", 0 0, v0x58abe38b4f40_0;  alias, 1 drivers
v0x58abe38ed5b0_0 .var "rollover", 0 0;
v0x58abe38ed650_0 .net "rst_n", 0 0, v0x58abe38ee370_0;  alias, 1 drivers
v0x58abe38ed740_0 .var "seconds", 5 0;
    .scope S_0x58abe38c89c0;
T_0 ;
    %wait E_0x58abe38b88c0;
    %load/vec4 v0x58abe38ec5a0_0;
    %nor/r;
    %flag_set/vec4 8;
    %jmp/0xz  T_0.0, 8;
    %pushi/vec4 0, 0, 2;
    %assign/vec4 v0x58abe38ec770_0, 0;
    %jmp T_0.1;
T_0.0 ;
    %load/vec4 v0x58abe38b5be0_0;
    %assign/vec4 v0x58abe38ec770_0, 0;
T_0.1 ;
    %jmp T_0;
    .thread T_0;
    .scope S_0x58abe38c89c0;
T_1 ;
    %wait E_0x58abe38ac1d0;
    %load/vec4 v0x58abe38ec770_0;
    %store/vec4 v0x58abe38b5be0_0, 0, 2;
    %load/vec4 v0x58abe38ec770_0;
    %dup/vec4;
    %pushi/vec4 0, 0, 2;
    %cmp/u;
    %jmp/1 T_1.0, 6;
    %dup/vec4;
    %pushi/vec4 1, 0, 2;
    %cmp/u;
    %jmp/1 T_1.1, 6;
    %dup/vec4;
    %pushi/vec4 2, 0, 2;
    %cmp/u;
    %jmp/1 T_1.2, 6;
    %pushi/vec4 0, 0, 2;
    %store/vec4 v0x58abe38b5be0_0, 0, 2;
    %jmp T_1.4;
T_1.0 ;
    %load/vec4 v0x58abe38ec6b0_0;
    %flag_set/vec4 8;
    %jmp/0xz  T_1.5, 8;
    %pushi/vec4 1, 0, 2;
    %store/vec4 v0x58abe38b5be0_0, 0, 2;
T_1.5 ;
    %jmp T_1.4;
T_1.1 ;
    %load/vec4 v0x58abe38ec930_0;
    %flag_set/vec4 8;
    %jmp/0xz  T_1.7, 8;
    %pushi/vec4 2, 0, 2;
    %store/vec4 v0x58abe38b5be0_0, 0, 2;
    %jmp T_1.8;
T_1.7 ;
    %load/vec4 v0x58abe38b5cb0_0;
    %flag_set/vec4 8;
    %jmp/0xz  T_1.9, 8;
    %pushi/vec4 0, 0, 2;
    %store/vec4 v0x58abe38b5be0_0, 0, 2;
T_1.9 ;
T_1.8 ;
    %jmp T_1.4;
T_1.2 ;
    %load/vec4 v0x58abe38ec6b0_0;
    %flag_set/vec4 8;
    %jmp/0xz  T_1.11, 8;
    %pushi/vec4 1, 0, 2;
    %store/vec4 v0x58abe38b5be0_0, 0, 2;
    %jmp T_1.12;
T_1.11 ;
    %load/vec4 v0x58abe38b5cb0_0;
    %flag_set/vec4 8;
    %jmp/0xz  T_1.13, 8;
    %pushi/vec4 0, 0, 2;
    %store/vec4 v0x58abe38b5be0_0, 0, 2;
T_1.13 ;
T_1.12 ;
    %jmp T_1.4;
T_1.4 ;
    %pop/vec4 1;
    %jmp T_1;
    .thread T_1, $push;
    .scope S_0x58abe38c89c0;
T_2 ;
    %wait E_0x58abe38c1a30;
    %load/vec4 v0x58abe38ec770_0;
    %store/vec4 v0x58abe38ec850_0, 0, 2;
    %load/vec4 v0x58abe38ec770_0;
    %dup/vec4;
    %pushi/vec4 1, 0, 2;
    %cmp/u;
    %jmp/1 T_2.0, 6;
    %pushi/vec4 0, 0, 1;
    %store/vec4 v0x58abe38b4f40_0, 0, 1;
    %jmp T_2.2;
T_2.0 ;
    %pushi/vec4 1, 0, 1;
    %store/vec4 v0x58abe38b4f40_0, 0, 1;
    %jmp T_2.2;
T_2.2 ;
    %pop/vec4 1;
    %jmp T_2;
    .thread T_2, $push;
    .scope S_0x58abe38ed120;
T_3 ;
    %wait E_0x58abe38b88c0;
    %load/vec4 v0x58abe38ed650_0;
    %nor/r;
    %flag_set/vec4 8;
    %jmp/0xz  T_3.0, 8;
    %pushi/vec4 0, 0, 6;
    %assign/vec4 v0x58abe38ed740_0, 0;
    %pushi/vec4 0, 0, 1;
    %assign/vec4 v0x58abe38ed5b0_0, 0;
    %jmp T_3.1;
T_3.0 ;
    %pushi/vec4 0, 0, 1;
    %assign/vec4 v0x58abe38ed5b0_0, 0;
    %load/vec4 v0x58abe38ed4a0_0;
    %flag_set/vec4 8;
    %jmp/0xz  T_3.2, 8;
    %load/vec4 v0x58abe38ed740_0;
    %cmpi/e 59, 0, 6;
    %jmp/0xz  T_3.4, 4;
    %pushi/vec4 0, 0, 6;
    %assign/vec4 v0x58abe38ed740_0, 0;
    %pushi/vec4 1, 0, 1;
    %assign/vec4 v0x58abe38ed5b0_0, 0;
    %jmp T_3.5;
T_3.4 ;
    %load/vec4 v0x58abe38ed740_0;
    %addi 1, 0, 6;
    %assign/vec4 v0x58abe38ed740_0, 0;
T_3.5 ;
T_3.2 ;
T_3.1 ;
    %jmp T_3;
    .thread T_3;
    .scope S_0x58abe38ecad0;
T_4 ;
    %wait E_0x58abe38b88c0;
    %load/vec4 v0x58abe38ecf80_0;
    %nor/r;
    %flag_set/vec4 8;
    %jmp/0xz  T_4.0, 8;
    %pushi/vec4 0, 0, 8;
    %assign/vec4 v0x58abe38ece40_0, 0;
    %jmp T_4.1;
T_4.0 ;
    %load/vec4 v0x58abe38ecda0_0;
    %flag_set/vec4 9;
    %flag_get/vec4 9;
    %jmp/0 T_4.4, 9;
    %load/vec4 v0x58abe38ecee0_0;
    %and;
T_4.4;
    %flag_set/vec4 8;
    %jmp/0xz  T_4.2, 8;
    %load/vec4 v0x58abe38ece40_0;
    %cmpi/e 99, 0, 8;
    %jmp/0xz  T_4.5, 4;
    %pushi/vec4 0, 0, 8;
    %assign/vec4 v0x58abe38ece40_0, 0;
    %jmp T_4.6;
T_4.5 ;
    %load/vec4 v0x58abe38ece40_0;
    %addi 1, 0, 8;
    %assign/vec4 v0x58abe38ece40_0, 0;
T_4.6 ;
T_4.2 ;
T_4.1 ;
    %jmp T_4;
    .thread T_4;
    .scope S_0x58abe38c5d30;
T_5 ;
    %delay 5000, 0;
    %load/vec4 v0x58abe38ee0c0_0;
    %inv;
    %store/vec4 v0x58abe38ee0c0_0, 0, 1;
    %jmp T_5;
    .thread T_5;
    .scope S_0x58abe38c5d30;
T_6 ;
    %vpi_call 2 42 "$dumpfile", "wave.vcd" {0 0 0};
    %vpi_call 2 43 "$dumpvars", 32'sb00000000000000000000000000000000, S_0x58abe38c5d30 {0 0 0};
    %pushi/vec4 0, 0, 1;
    %store/vec4 v0x58abe38ee0c0_0, 0, 1;
    %pushi/vec4 0, 0, 1;
    %store/vec4 v0x58abe38ee370_0, 0, 1;
    %pushi/vec4 0, 0, 1;
    %store/vec4 v0x58abe38ee590_0, 0, 1;
    %pushi/vec4 0, 0, 1;
    %store/vec4 v0x58abe38ee790_0, 0, 1;
    %pushi/vec4 0, 0, 1;
    %store/vec4 v0x58abe38ee2d0_0, 0, 1;
    %delay 20000, 0;
    %pushi/vec4 1, 0, 1;
    %store/vec4 v0x58abe38ee370_0, 0, 1;
    %delay 10000, 0;
    %pushi/vec4 1, 0, 1;
    %store/vec4 v0x58abe38ee590_0, 0, 1;
    %delay 10000, 0;
    %pushi/vec4 0, 0, 1;
    %store/vec4 v0x58abe38ee590_0, 0, 1;
    %delay 200000, 0;
    %pushi/vec4 1, 0, 1;
    %store/vec4 v0x58abe38ee790_0, 0, 1;
    %delay 10000, 0;
    %pushi/vec4 0, 0, 1;
    %store/vec4 v0x58abe38ee790_0, 0, 1;
    %delay 100000, 0;
    %pushi/vec4 1, 0, 1;
    %store/vec4 v0x58abe38ee590_0, 0, 1;
    %delay 10000, 0;
    %pushi/vec4 0, 0, 1;
    %store/vec4 v0x58abe38ee590_0, 0, 1;
    %delay 200000, 0;
    %pushi/vec4 1, 0, 1;
    %store/vec4 v0x58abe38ee2d0_0, 0, 1;
    %delay 10000, 0;
    %pushi/vec4 0, 0, 1;
    %store/vec4 v0x58abe38ee2d0_0, 0, 1;
    %delay 20000, 0;
    %pushi/vec4 1, 0, 1;
    %store/vec4 v0x58abe38ee590_0, 0, 1;
    %delay 10000, 0;
    %pushi/vec4 0, 0, 1;
    %store/vec4 v0x58abe38ee590_0, 0, 1;
    %delay 500000000, 0;
    %vpi_call 2 107 "$finish" {0 0 0};
    %end;
    .thread T_6;
    .scope S_0x58abe38c5d30;
T_7 ;
    %wait E_0x58abe38c1990;
    %vpi_call 2 117 "$display", "Time = %0t | %02d:%02d | State = %b", $time, v0x58abe38ee210_0, v0x58abe38ee4a0_0, v0x58abe38ee680_0 {0 0 0};
    %jmp T_7;
    .thread T_7;
# The file index is used to find the file name in the following table.
:file_names 7;
    "N/A";
    "<interactive>";
    "tb_stopwatch.v";
    "../rtl/stopwatch_top.v";
    "../rtl/control_fsm.v";
    "../rtl/minutes_counter.v";
    "../rtl/seconds_counter.v";
